[24-Sep-2024 18:51:04 UTC] PHP Warning:  PHP Startup: Unable to load dynamic library 'php_imagick.dll' (tried: C:/Users/konfi/AppData/Roaming/Local/lightning-services/php-8.1.29+0/bin/win64/ext\php_imagick.dll (Le module spécifié est introuvable), C:/Users/konfi/AppData/Roaming/Local/lightning-services/php-8.1.29+0/bin/win64/ext\php_php_imagick.dll.dll (Le module spécifié est introuvable)) in Unknown on line 0
[24-Sep-2024 18:51:21 UTC] PHP Warning:  PHP Startup: Unable to load dynamic library 'php_imagick.dll' (tried: C:/Users/konfi/AppData/Roaming/Local/lightning-services/php-8.1.29+0/bin/win64/ext\php_imagick.dll (Le module spécifié est introuvable), C:/Users/konfi/AppData/Roaming/Local/lightning-services/php-8.1.29+0/bin/win64/ext\php_php_imagick.dll.dll (Le module spécifié est introuvable)) in Unknown on line 0
[24-Sep-2024 18:51:24 UTC] PHP Warning:  PHP Startup: Unable to load dynamic library 'php_imagick.dll' (tried: C:/Users/konfi/AppData/Roaming/Local/lightning-services/php-8.1.29+0/bin/win64/ext\php_imagick.dll (Le module spécifié est introuvable), C:/Users/konfi/AppData/Roaming/Local/lightning-services/php-8.1.29+0/bin/win64/ext\php_php_imagick.dll.dll (Le module spécifié est introuvable)) in Unknown on line 0
[24-Sep-2024 19:33:14 UTC] PHP Warning:  PHP Startup: Unable to load dynamic library 'php_imagick.dll' (tried: C:/Users/konfi/AppData/Roaming/Local/lightning-services/php-8.1.29+0/bin/win64/ext\php_imagick.dll (Le module spécifié est introuvable), C:/Users/konfi/AppData/Roaming/Local/lightning-services/php-8.1.29+0/bin/win64/ext\php_php_imagick.dll.dll (Le module spécifié est introuvable)) in Unknown on line 0
[24-Sep-2024 19:46:03 UTC] PHP Warning:  PHP Startup: Unable to load dynamic library 'php_imagick.dll' (tried: C:/Users/konfi/AppData/Roaming/Local/lightning-services/php-8.1.29+0/bin/win64/ext\php_imagick.dll (Le module spécifié est introuvable), C:/Users/konfi/AppData/Roaming/Local/lightning-services/php-8.1.29+0/bin/win64/ext\php_php_imagick.dll.dll (Le module spécifié est introuvable)) in Unknown on line 0
[24-Sep-2024 19:46:04 UTC] PHP Warning:  PHP Startup: Unable to load dynamic library 'php_imagick.dll' (tried: C:/Users/konfi/AppData/Roaming/Local/lightning-services/php-8.1.29+0/bin/win64/ext\php_imagick.dll (Le module spécifié est introuvable), C:/Users/konfi/AppData/Roaming/Local/lightning-services/php-8.1.29+0/bin/win64/ext\php_php_imagick.dll.dll (Le module spécifié est introuvable)) in Unknown on line 0
[24-Sep-2024 19:47:28 UTC] PHP Warning:  PHP Startup: Unable to load dynamic library 'php_imagick.dll' (tried: C:/Users/konfi/AppData/Roaming/Local/lightning-services/php-8.1.29+0/bin/win64/ext\php_imagick.dll (Le module spécifié est introuvable), C:/Users/konfi/AppData/Roaming/Local/lightning-services/php-8.1.29+0/bin/win64/ext\php_php_imagick.dll.dll (Le module spécifié est introuvable)) in Unknown on line 0
[24-Sep-2024 20:09:30 UTC] PHP Warning:  PHP Startup: Unable to load dynamic library 'php_imagick.dll' (tried: C:/Users/konfi/AppData/Roaming/Local/lightning-services/php-8.1.29+0/bin/win64/ext\php_imagick.dll (Le module spécifié est introuvable), C:/Users/konfi/AppData/Roaming/Local/lightning-services/php-8.1.29+0/bin/win64/ext\php_php_imagick.dll.dll (Le module spécifié est introuvable)) in Unknown on line 0
[24-Sep-2024 20:09:30 UTC] PHP Warning:  PHP Startup: Unable to load dynamic library 'php_imagick.dll' (tried: C:/Users/konfi/AppData/Roaming/Local/lightning-services/php-8.1.29+0/bin/win64/ext\php_imagick.dll (Le module spécifié est introuvable), C:/Users/konfi/AppData/Roaming/Local/lightning-services/php-8.1.29+0/bin/win64/ext\php_php_imagick.dll.dll (Le module spécifié est introuvable)) in Unknown on line 0
[24-Sep-2024 20:09:30 UTC] PHP Warning:  PHP Startup: Unable to load dynamic library 'php_imagick.dll' (tried: C:/Users/konfi/AppData/Roaming/Local/lightning-services/php-8.1.29+0/bin/win64/ext\php_imagick.dll (Le module spécifié est introuvable), C:/Users/konfi/AppData/Roaming/Local/lightning-services/php-8.1.29+0/bin/win64/ext\php_php_imagick.dll.dll (Le module spécifié est introuvable)) in Unknown on line 0
[24-Sep-2024 20:09:30 UTC] PHP Warning:  PHP Startup: Unable to load dynamic library 'php_imagick.dll' (tried: C:/Users/konfi/AppData/Roaming/Local/lightning-services/php-8.1.29+0/bin/win64/ext\php_imagick.dll (Le module spécifié est introuvable), C:/Users/konfi/AppData/Roaming/Local/lightning-services/php-8.1.29+0/bin/win64/ext\php_php_imagick.dll.dll (Le module spécifié est introuvable)) in Unknown on line 0
[24-Sep-2024 20:33:26 UTC] PHP Warning:  PHP Startup: Unable to load dynamic library 'php_imagick.dll' (tried: C:/Users/konfi/AppData/Roaming/Local/lightning-services/php-8.1.29+0/bin/win64/ext\php_imagick.dll (Le module spécifié est introuvable), C:/Users/konfi/AppData/Roaming/Local/lightning-services/php-8.1.29+0/bin/win64/ext\php_php_imagick.dll.dll (Le module spécifié est introuvable)) in Unknown on line 0
[24-Sep-2024 20:33:26 UTC] PHP Warning:  PHP Startup: Unable to load dynamic library 'php_imagick.dll' (tried: C:/Users/konfi/AppData/Roaming/Local/lightning-services/php-8.1.29+0/bin/win64/ext\php_imagick.dll (Le module spécifié est introuvable), C:/Users/konfi/AppData/Roaming/Local/lightning-services/php-8.1.29+0/bin/win64/ext\php_php_imagick.dll.dll (Le module spécifié est introuvable)) in Unknown on line 0
[24-Sep-2024 20:33:26 UTC] PHP Warning:  PHP Startup: Unable to load dynamic library 'php_imagick.dll' (tried: C:/Users/konfi/AppData/Roaming/Local/lightning-services/php-8.1.29+0/bin/win64/ext\php_imagick.dll (Le module spécifié est introuvable), C:/Users/konfi/AppData/Roaming/Local/lightning-services/php-8.1.29+0/bin/win64/ext\php_php_imagick.dll.dll (Le module spécifié est introuvable)) in Unknown on line 0
[24-Sep-2024 20:40:04 UTC] PHP Warning:  Undefined property: ImageOptimization\Modules\ConnectManager\Classes\Connect_Runner::$get_client_secret in C:\Users\konfi\OneDrive\Bureau\sgdesignercom\app\public\wp-content\plugins\image-optimization\modules\core\module.php on line 208
[24-Sep-2024 20:40:04 UTC] [Image Optimizer]: info in ImageOptimization\Modules\ConnectManager\Components\Connect->get_connect_status(): Status check error. Reason: User is not connected
[24-Sep-2024 20:40:36 UTC] PHP Warning:  Trying to access array offset on value of type bool in C:\Users\konfi\OneDrive\Bureau\sgdesignercom\app\public\wp-content\plugins\elementor\includes\managers\image.php on line 113
[24-Sep-2024 20:40:36 UTC] PHP Warning:  Trying to access array offset on value of type bool in C:\Users\konfi\OneDrive\Bureau\sgdesignercom\app\public\wp-content\plugins\elementor\includes\managers\image.php on line 113
[24-Sep-2024 20:40:36 UTC] PHP Warning:  Trying to access array offset on value of type bool in C:\Users\konfi\OneDrive\Bureau\sgdesignercom\app\public\wp-content\plugins\elementor\includes\managers\image.php on line 113
[24-Sep-2024 20:40:36 UTC] PHP Warning:  Trying to access array offset on value of type bool in C:\Users\konfi\OneDrive\Bureau\sgdesignercom\app\public\wp-content\plugins\elementor\includes\managers\image.php on line 113
[24-Sep-2024 20:40:36 UTC] PHP Warning:  Trying to access array offset on value of type bool in C:\Users\konfi\OneDrive\Bureau\sgdesignercom\app\public\wp-content\plugins\elementor\includes\managers\image.php on line 113
[24-Sep-2024 20:40:36 UTC] PHP Warning:  Trying to access array offset on value of type bool in C:\Users\konfi\OneDrive\Bureau\sgdesignercom\app\public\wp-content\plugins\elementor\includes\managers\image.php on line 113
[24-Sep-2024 20:40:36 UTC] PHP Warning:  Trying to access array offset on value of type bool in C:\Users\konfi\OneDrive\Bureau\sgdesignercom\app\public\wp-content\plugins\elementor\includes\managers\image.php on line 113
[24-Sep-2024 20:40:36 UTC] PHP Warning:  Trying to access array offset on value of type bool in C:\Users\konfi\OneDrive\Bureau\sgdesignercom\app\public\wp-content\plugins\elementor\includes\managers\image.php on line 113
[24-Sep-2024 20:40:36 UTC] PHP Warning:  Trying to access array offset on value of type bool in C:\Users\konfi\OneDrive\Bureau\sgdesignercom\app\public\wp-content\plugins\elementor\includes\managers\image.php on line 113
[24-Sep-2024 20:40:36 UTC] PHP Warning:  Trying to access array offset on value of type bool in C:\Users\konfi\OneDrive\Bureau\sgdesignercom\app\public\wp-content\plugins\elementor\includes\managers\image.php on line 113
[24-Sep-2024 20:40:36 UTC] PHP Warning:  Trying to access array offset on value of type bool in C:\Users\konfi\OneDrive\Bureau\sgdesignercom\app\public\wp-content\plugins\elementor\includes\managers\image.php on line 113
[24-Sep-2024 20:40:36 UTC] PHP Warning:  Trying to access array offset on value of type bool in C:\Users\konfi\OneDrive\Bureau\sgdesignercom\app\public\wp-content\plugins\elementor\includes\managers\image.php on line 113
[24-Sep-2024 20:40:36 UTC] PHP Warning:  Trying to access array offset on value of type bool in C:\Users\konfi\OneDrive\Bureau\sgdesignercom\app\public\wp-content\plugins\elementor\includes\managers\image.php on line 113
[24-Sep-2024 20:40:36 UTC] PHP Warning:  Trying to access array offset on value of type bool in C:\Users\konfi\OneDrive\Bureau\sgdesignercom\app\public\wp-content\plugins\elementor\includes\managers\image.php on line 113
[24-Sep-2024 20:40:36 UTC] PHP Warning:  Trying to access array offset on value of type bool in C:\Users\konfi\OneDrive\Bureau\sgdesignercom\app\public\wp-content\plugins\elementor\includes\managers\image.php on line 113
[24-Sep-2024 20:40:36 UTC] PHP Warning:  Trying to access array offset on value of type bool in C:\Users\konfi\OneDrive\Bureau\sgdesignercom\app\public\wp-content\plugins\elementor\includes\managers\image.php on line 113
[24-Sep-2024 20:40:36 UTC] PHP Warning:  Trying to access array offset on value of type bool in C:\Users\konfi\OneDrive\Bureau\sgdesignercom\app\public\wp-content\plugins\elementor\includes\managers\image.php on line 113
[24-Sep-2024 20:40:36 UTC] PHP Warning:  Trying to access array offset on value of type bool in C:\Users\konfi\OneDrive\Bureau\sgdesignercom\app\public\wp-content\plugins\elementor\includes\managers\image.php on line 113
[24-Sep-2024 20:40:36 UTC] PHP Warning:  Trying to access array offset on value of type bool in C:\Users\konfi\OneDrive\Bureau\sgdesignercom\app\public\wp-content\plugins\elementor\includes\managers\image.php on line 113
[24-Sep-2024 20:40:36 UTC] PHP Warning:  Trying to access array offset on value of type bool in C:\Users\konfi\OneDrive\Bureau\sgdesignercom\app\public\wp-content\plugins\elementor\includes\managers\image.php on line 113
[24-Sep-2024 20:40:36 UTC] PHP Warning:  Trying to access array offset on value of type bool in C:\Users\konfi\OneDrive\Bureau\sgdesignercom\app\public\wp-content\plugins\elementor\includes\managers\image.php on line 113
[24-Sep-2024 20:40:36 UTC] PHP Warning:  Trying to access array offset on value of type bool in C:\Users\konfi\OneDrive\Bureau\sgdesignercom\app\public\wp-content\plugins\elementor\includes\managers\image.php on line 113
[24-Sep-2024 20:40:36 UTC] [Image Optimizer]: info in ImageOptimization\Modules\Core\Components\Migrations->run_migration(): The migration `fix_optimized_size_keys` successfully executed.
[24-Sep-2024 20:40:39 UTC] [Image Optimizer]: info in ImageOptimization\Modules\Core\Components\Migrations->run_migration(): The migration `fix_mime_type` successfully executed.
[24-Sep-2024 20:40:45 UTC] [Image Optimizer]: info in ImageOptimization\Modules\Core\Components\Migrations->run_migration(): The migration `fix_avif_with_zero_dimensions` successfully executed.
[24-Sep-2024 20:40:47 UTC] [Image Optimizer]: info in ImageOptimization\Modules\ConnectManager\Components\Connect->get_connect_status(): Status check error. Reason: User is not connected
[24-Sep-2024 20:40:52 UTC] [Image Optimizer]: info in ImageOptimization\Modules\ConnectManager\Components\Connect->get_connect_status(): Status check error. Reason: User is not connected
[24-Sep-2024 20:40:57 UTC] [Image Optimizer]: info in ImageOptimization\Modules\ConnectManager\Components\Connect->get_connect_status(): Status check error. Reason: User is not connected
[24-Sep-2024 20:55:09 UTC] PHP Warning:  PHP Startup: Unable to load dynamic library 'php_imagick.dll' (tried: C:/Users/konfi/AppData/Roaming/Local/lightning-services/php-8.1.29+0/bin/win64/ext\php_imagick.dll (Le module spécifié est introuvable), C:/Users/konfi/AppData/Roaming/Local/lightning-services/php-8.1.29+0/bin/win64/ext\php_php_imagick.dll.dll (Le module spécifié est introuvable)) in Unknown on line 0
[24-Sep-2024 21:07:38 UTC] [Image Optimizer]: info in ImageOptimization\Modules\ConnectManager\Components\Connect->get_connect_status(): Status check error. Reason: User is not connected
[24-Sep-2024 21:08:12 UTC] [Image Optimizer]: info in ImageOptimization\Modules\ConnectManager\Components\Connect->get_connect_status(): Status check error. Reason: User is not connected
[24-Sep-2024 21:08:17 UTC] [Image Optimizer]: info in ImageOptimization\Modules\ConnectManager\Components\Connect->get_connect_status(): Status check error. Reason: User is not connected
[24-Sep-2024 21:08:22 UTC] [Image Optimizer]: info in ImageOptimization\Modules\ConnectManager\Components\Connect->get_connect_status(): Status check error. Reason: User is not connected
[24-Sep-2024 21:08:27 UTC] [Image Optimizer]: info in ImageOptimization\Modules\ConnectManager\Components\Connect->get_connect_status(): Status check error. Reason: User is not connected
[24-Sep-2024 21:08:32 UTC] [Image Optimizer]: info in ImageOptimization\Modules\ConnectManager\Components\Connect->get_connect_status(): Status check error. Reason: User is not connected
[24-Sep-2024 21:08:37 UTC] [Image Optimizer]: info in ImageOptimization\Modules\ConnectManager\Components\Connect->get_connect_status(): Status check error. Reason: User is not connected
[24-Sep-2024 21:08:42 UTC] [Image Optimizer]: info in ImageOptimization\Modules\ConnectManager\Components\Connect->get_connect_status(): Status check error. Reason: User is not connected
[24-Sep-2024 21:08:47 UTC] [Image Optimizer]: info in ImageOptimization\Modules\ConnectManager\Components\Connect->get_connect_status(): Status check error. Reason: User is not connected
[24-Sep-2024 21:08:52 UTC] [Image Optimizer]: info in ImageOptimization\Modules\ConnectManager\Components\Connect->get_connect_status(): Status check error. Reason: User is not connected
[24-Sep-2024 21:08:57 UTC] [Image Optimizer]: info in ImageOptimization\Modules\ConnectManager\Components\Connect->get_connect_status(): Status check error. Reason: User is not connected
[24-Sep-2024 21:12:22 UTC] [Image Optimizer]: info in ImageOptimization\Modules\ConnectManager\Components\Connect->get_connect_status(): Status check error. Reason: User is not connected
[24-Sep-2024 21:14:20 UTC] PHP Warning:  Undefined array key "editor_post_id" in C:\Users\konfi\OneDrive\Bureau\sgdesignercom\app\public\wp-content\plugins\elementor\modules\history\revisions-manager.php on line 363
[24-Sep-2024 21:24:12 UTC] [Image Optimizer]: info in ImageOptimization\Modules\ConnectManager\Components\Connect->get_connect_status(): Status check error. Reason: User is not connected
[24-Sep-2024 21:24:22 UTC] [Image Optimizer]: info in ImageOptimization\Modules\ConnectManager\Components\Connect->get_connect_status(): Status check error. Reason: User is not connected
[24-Sep-2024 21:24:27 UTC] [Image Optimizer]: info in ImageOptimization\Modules\ConnectManager\Components\Connect->get_connect_status(): Status check error. Reason: User is not connected
[24-Sep-2024 21:24:38 UTC] [Image Optimizer]: info in ImageOptimization\Modules\ConnectManager\Components\Connect->get_connect_status(): Status check error. Reason: User is not connected
[24-Sep-2024 21:24:47 UTC] [Image Optimizer]: info in ImageOptimization\Modules\ConnectManager\Components\Connect->get_connect_status(): Status check error. Reason: User is not connected
[24-Sep-2024 21:25:02 UTC] [Image Optimizer]: info in ImageOptimization\Modules\ConnectManager\Components\Connect->get_connect_status(): Status check error. Reason: User is not connected
[24-Sep-2024 21:25:32 UTC] [Image Optimizer]: info in ImageOptimization\Modules\ConnectManager\Components\Connect->get_connect_status(): Status check error. Reason: User is not connected
[24-Sep-2024 21:27:31 UTC] PHP Warning:  PHP Startup: Unable to load dynamic library 'php_imagick.dll' (tried: C:/Users/konfi/AppData/Roaming/Local/lightning-services/php-8.1.29+0/bin/win64/ext\php_imagick.dll (Le module spécifié est introuvable), C:/Users/konfi/AppData/Roaming/Local/lightning-services/php-8.1.29+0/bin/win64/ext\php_php_imagick.dll.dll (Le module spécifié est introuvable)) in Unknown on line 0
[24-Sep-2024 21:27:31 UTC] PHP Warning:  PHP Startup: Unable to load dynamic library 'php_imagick.dll' (tried: C:/Users/konfi/AppData/Roaming/Local/lightning-services/php-8.1.29+0/bin/win64/ext\php_imagick.dll (Le module spécifié est introuvable), C:/Users/konfi/AppData/Roaming/Local/lightning-services/php-8.1.29+0/bin/win64/ext\php_php_imagick.dll.dll (Le module spécifié est introuvable)) in Unknown on line 0
[24-Sep-2024 21:27:31 UTC] PHP Warning:  PHP Startup: Unable to load dynamic library 'php_imagick.dll' (tried: C:/Users/konfi/AppData/Roaming/Local/lightning-services/php-8.1.29+0/bin/win64/ext\php_imagick.dll (Le module spécifié est introuvable), C:/Users/konfi/AppData/Roaming/Local/lightning-services/php-8.1.29+0/bin/win64/ext\php_php_imagick.dll.dll (Le module spécifié est introuvable)) in Unknown on line 0
[24-Sep-2024 21:33:44 UTC] [Image Optimizer]: info in ImageOptimization\Modules\ConnectManager\Components\Connect->get_connect_status(): Status check error. Reason: User is not connected
[24-Sep-2024 21:35:14 UTC] [Image Optimizer]: info in ImageOptimization\Modules\ConnectManager\Components\Connect->get_connect_status(): Status check error. Reason: User is not connected
[24-Sep-2024 21:36:43 UTC] PHP Warning:  PHP Startup: Unable to load dynamic library 'php_imagick.dll' (tried: C:/Users/konfi/AppData/Roaming/Local/lightning-services/php-8.1.29+0/bin/win64/ext\php_imagick.dll (Le module spécifié est introuvable), C:/Users/konfi/AppData/Roaming/Local/lightning-services/php-8.1.29+0/bin/win64/ext\php_php_imagick.dll.dll (Le module spécifié est introuvable)) in Unknown on line 0
[24-Sep-2024 21:36:43 UTC] PHP Warning:  PHP Startup: Unable to load dynamic library 'php_imagick.dll' (tried: C:/Users/konfi/AppData/Roaming/Local/lightning-services/php-8.1.29+0/bin/win64/ext\php_imagick.dll (Le module spécifié est introuvable), C:/Users/konfi/AppData/Roaming/Local/lightning-services/php-8.1.29+0/bin/win64/ext\php_php_imagick.dll.dll (Le module spécifié est introuvable)) in Unknown on line 0
[24-Sep-2024 21:38:29 UTC] PHP Fatal error:  Uncaught Error: Call to undefined function get_current_screen() in C:\Users\konfi\OneDrive\Bureau\sgdesignercom\app\public\wp-content\plugins\ocean-extra\includes\menu-icons\includes\picker.php:126
Stack trace:
#0 C:\Users\konfi\OneDrive\Bureau\sgdesignercom\app\public\wp-includes\class-wp-hook.php(324): OE_Menu_Icons_Picker::_save(8, 932, Array)
#1 C:\Users\konfi\OneDrive\Bureau\sgdesignercom\app\public\wp-includes\class-wp-hook.php(348): WP_Hook->apply_filters(NULL, Array)
#2 C:\Users\konfi\OneDrive\Bureau\sgdesignercom\app\public\wp-includes\plugin.php(517): WP_Hook->do_action(Array)
#3 C:\Users\konfi\OneDrive\Bureau\sgdesignercom\app\public\wp-includes\nav-menu.php(623): do_action('wp_update_nav_m...', 8, 932, Array)
#4 C:\Users\konfi\OneDrive\Bureau\sgdesignercom\app\public\wp-includes\nav-menu.php(1163): wp_update_nav_menu_item(8, 932, Array)
#5 C:\Users\konfi\OneDrive\Bureau\sgdesignercom\app\public\wp-includes\class-wp-hook.php(324): _wp_auto_add_pages_to_menu('publish', 'auto-draft', Object(WP_Post))
#6 C:\Users\konfi\OneDrive\Bureau\sgdesignercom\app\public\wp-includes\class-wp-hook.php(348): WP_Hook->apply_filters(NULL, Array)
#7 C:\Users\konfi\OneDrive\Bureau\sgdesignercom\app\public\wp-includes\plugin.php(517): WP_Hook->do_action(Array)
#8 C:\Users\konfi\OneDrive\Bureau\sgdesignercom\app\public\wp-includes\post.php(5521): do_action('transition_post...', 'publish', 'auto-draft', Object(WP_Post))
#9 C:\Users\konfi\OneDrive\Bureau\sgdesignercom\app\public\wp-includes\post.php(4781): wp_transition_post_status('publish', 'auto-draft', Object(WP_Post))
#10 C:\Users\konfi\OneDrive\Bureau\sgdesignercom\app\public\wp-includes\post.php(4993): wp_insert_post(Array, true, false)
#11 C:\Users\konfi\OneDrive\Bureau\sgdesignercom\app\public\wp-includes\rest-api\endpoints\class-wp-rest-posts-controller.php(886): wp_update_post(Array, true, false)
#12 C:\Users\konfi\OneDrive\Bureau\sgdesignercom\app\public\wp-includes\rest-api\class-wp-rest-server.php(1230): WP_REST_Posts_Controller->update_item(Object(WP_REST_Request))
#13 C:\Users\konfi\OneDrive\Bureau\sgdesignercom\app\public\wp-includes\rest-api\class-wp-rest-server.php(1063): WP_REST_Server->respond_to_request(Object(WP_REST_Request), '/wp/v2/pages/(?...', Array, NULL)
#14 C:\Users\konfi\OneDrive\Bureau\sgdesignercom\app\public\wp-includes\rest-api\class-wp-rest-server.php(439): WP_REST_Server->dispatch(Object(WP_REST_Request))
#15 C:\Users\konfi\OneDrive\Bureau\sgdesignercom\app\public\wp-includes\rest-api.php(420): WP_REST_Server->serve_request('/wp/v2/pages/93...')
#16 C:\Users\konfi\OneDrive\Bureau\sgdesignercom\app\public\wp-includes\class-wp-hook.php(324): rest_api_loaded(Object(WP))
#17 C:\Users\konfi\OneDrive\Bureau\sgdesignercom\app\public\wp-includes\class-wp-hook.php(348): WP_Hook->apply_filters('', Array)
#18 C:\Users\konfi\OneDrive\Bureau\sgdesignercom\app\public\wp-includes\plugin.php(565): WP_Hook->do_action(Array)
#19 C:\Users\konfi\OneDrive\Bureau\sgdesignercom\app\public\wp-includes\class-wp.php(418): do_action_ref_array('parse_request', Array)
#20 C:\Users\konfi\OneDrive\Bureau\sgdesignercom\app\public\wp-includes\class-wp.php(813): WP->parse_request('')
#21 C:\Users\konfi\OneDrive\Bureau\sgdesignercom\app\public\wp-includes\functions.php(1336): WP->main('')
#22 C:\Users\konfi\OneDrive\Bureau\sgdesignercom\app\public\wp-blog-header.php(16): wp()
#23 C:\Users\konfi\OneDrive\Bureau\sgdesignercom\app\public\index.php(17): require('C:\\Users\\konfi\\...')
#24 {main}
  thrown in C:\Users\konfi\OneDrive\Bureau\sgdesignercom\app\public\wp-content\plugins\ocean-extra\includes\menu-icons\includes\picker.php on line 126
[24-Sep-2024 21:41:51 UTC] [Image Optimizer]: info in ImageOptimization\Modules\ConnectManager\Components\Connect->get_connect_status(): Status check error. Reason: User is not connected
[24-Sep-2024 22:07:49 UTC] PHP Warning:  PHP Startup: Unable to load dynamic library 'php_imagick.dll' (tried: C:/Users/konfi/AppData/Roaming/Local/lightning-services/php-8.1.29+0/bin/win64/ext\php_imagick.dll (Le module spécifié est introuvable), C:/Users/konfi/AppData/Roaming/Local/lightning-services/php-8.1.29+0/bin/win64/ext\php_php_imagick.dll.dll (Le module spécifié est introuvable)) in Unknown on line 0
[24-Sep-2024 22:07:49 UTC] PHP Warning:  PHP Startup: Unable to load dynamic library 'php_imagick.dll' (tried: C:/Users/konfi/AppData/Roaming/Local/lightning-services/php-8.1.29+0/bin/win64/ext\php_imagick.dll (Le module spécifié est introuvable), C:/Users/konfi/AppData/Roaming/Local/lightning-services/php-8.1.29+0/bin/win64/ext\php_php_imagick.dll.dll (Le module spécifié est introuvable)) in Unknown on line 0
[24-Sep-2024 22:07:49 UTC] PHP Warning:  PHP Startup: Unable to load dynamic library 'php_imagick.dll' (tried: C:/Users/konfi/AppData/Roaming/Local/lightning-services/php-8.1.29+0/bin/win64/ext\php_imagick.dll (Le module spécifié est introuvable), C:/Users/konfi/AppData/Roaming/Local/lightning-services/php-8.1.29+0/bin/win64/ext\php_php_imagick.dll.dll (Le module spécifié est introuvable)) in Unknown on line 0
[24-Sep-2024 22:07:50 UTC] PHP Warning:  PHP Startup: Unable to load dynamic library 'php_imagick.dll' (tried: C:/Users/konfi/AppData/Roaming/Local/lightning-services/php-8.1.29+0/bin/win64/ext\php_imagick.dll (Le module spécifié est introuvable), C:/Users/konfi/AppData/Roaming/Local/lightning-services/php-8.1.29+0/bin/win64/ext\php_php_imagick.dll.dll (Le module spécifié est introuvable)) in Unknown on line 0
[24-Sep-2024 22:21:00 UTC] PHP Warning:  PHP Startup: Unable to load dynamic library 'php_imagick.dll' (tried: C:/Users/konfi/AppData/Roaming/Local/lightning-services/php-8.1.29+0/bin/win64/ext\php_imagick.dll (Le module spécifié est introuvable), C:/Users/konfi/AppData/Roaming/Local/lightning-services/php-8.1.29+0/bin/win64/ext\php_php_imagick.dll.dll (Le module spécifié est introuvable)) in Unknown on line 0
[24-Sep-2024 22:21:00 UTC] PHP Warning:  PHP Startup: Unable to load dynamic library 'php_imagick.dll' (tried: C:/Users/konfi/AppData/Roaming/Local/lightning-services/php-8.1.29+0/bin/win64/ext\php_imagick.dll (Le module spécifié est introuvable), C:/Users/konfi/AppData/Roaming/Local/lightning-services/php-8.1.29+0/bin/win64/ext\php_php_imagick.dll.dll (Le module spécifié est introuvable)) in Unknown on line 0
[24-Sep-2024 22:24:30 UTC] PHP Fatal error:  Uncaught Error: Call to undefined function get_current_screen() in C:\Users\konfi\OneDrive\Bureau\sgdesignercom\app\public\wp-content\plugins\ocean-extra\includes\menu-icons\includes\picker.php:126
Stack trace:
#0 C:\Users\konfi\OneDrive\Bureau\sgdesignercom\app\public\wp-includes\class-wp-hook.php(324): OE_Menu_Icons_Picker::_save(8, 964, Array)
#1 C:\Users\konfi\OneDrive\Bureau\sgdesignercom\app\public\wp-includes\class-wp-hook.php(348): WP_Hook->apply_filters(NULL, Array)
#2 C:\Users\konfi\OneDrive\Bureau\sgdesignercom\app\public\wp-includes\plugin.php(517): WP_Hook->do_action(Array)
#3 C:\Users\konfi\OneDrive\Bureau\sgdesignercom\app\public\wp-includes\nav-menu.php(623): do_action('wp_update_nav_m...', 8, 964, Array)
#4 C:\Users\konfi\OneDrive\Bureau\sgdesignercom\app\public\wp-includes\nav-menu.php(1163): wp_update_nav_menu_item(8, 964, Array)
#5 C:\Users\konfi\OneDrive\Bureau\sgdesignercom\app\public\wp-includes\class-wp-hook.php(324): _wp_auto_add_pages_to_menu('publish', 'auto-draft', Object(WP_Post))
#6 C:\Users\konfi\OneDrive\Bureau\sgdesignercom\app\public\wp-includes\class-wp-hook.php(348): WP_Hook->apply_filters(NULL, Array)
#7 C:\Users\konfi\OneDrive\Bureau\sgdesignercom\app\public\wp-includes\plugin.php(517): WP_Hook->do_action(Array)
#8 C:\Users\konfi\OneDrive\Bureau\sgdesignercom\app\public\wp-includes\post.php(5521): do_action('transition_post...', 'publish', 'auto-draft', Object(WP_Post))
#9 C:\Users\konfi\OneDrive\Bureau\sgdesignercom\app\public\wp-includes\post.php(4781): wp_transition_post_status('publish', 'auto-draft', Object(WP_Post))
#10 C:\Users\konfi\OneDrive\Bureau\sgdesignercom\app\public\wp-includes\post.php(4993): wp_insert_post(Array, true, false)
#11 C:\Users\konfi\OneDrive\Bureau\sgdesignercom\app\public\wp-includes\rest-api\endpoints\class-wp-rest-posts-controller.php(886): wp_update_post(Array, true, false)
#12 C:\Users\konfi\OneDrive\Bureau\sgdesignercom\app\public\wp-includes\rest-api\class-wp-rest-server.php(1230): WP_REST_Posts_Controller->update_item(Object(WP_REST_Request))
#13 C:\Users\konfi\OneDrive\Bureau\sgdesignercom\app\public\wp-includes\rest-api\class-wp-rest-server.php(1063): WP_REST_Server->respond_to_request(Object(WP_REST_Request), '/wp/v2/pages/(?...', Array, NULL)
#14 C:\Users\konfi\OneDrive\Bureau\sgdesignercom\app\public\wp-includes\rest-api\class-wp-rest-server.php(439): WP_REST_Server->dispatch(Object(WP_REST_Request))
#15 C:\Users\konfi\OneDrive\Bureau\sgdesignercom\app\public\wp-includes\rest-api.php(420): WP_REST_Server->serve_request('/wp/v2/pages/96...')
#16 C:\Users\konfi\OneDrive\Bureau\sgdesignercom\app\public\wp-includes\class-wp-hook.php(324): rest_api_loaded(Object(WP))
#17 C:\Users\konfi\OneDrive\Bureau\sgdesignercom\app\public\wp-includes\class-wp-hook.php(348): WP_Hook->apply_filters('', Array)
#18 C:\Users\konfi\OneDrive\Bureau\sgdesignercom\app\public\wp-includes\plugin.php(565): WP_Hook->do_action(Array)
#19 C:\Users\konfi\OneDrive\Bureau\sgdesignercom\app\public\wp-includes\class-wp.php(418): do_action_ref_array('parse_request', Array)
#20 C:\Users\konfi\OneDrive\Bureau\sgdesignercom\app\public\wp-includes\class-wp.php(813): WP->parse_request('')
#21 C:\Users\konfi\OneDrive\Bureau\sgdesignercom\app\public\wp-includes\functions.php(1336): WP->main('')
#22 C:\Users\konfi\OneDrive\Bureau\sgdesignercom\app\public\wp-blog-header.php(16): wp()
#23 C:\Users\konfi\OneDrive\Bureau\sgdesignercom\app\public\index.php(17): require('C:\\Users\\konfi\\...')
#24 {main}
  thrown in C:\Users\konfi\OneDrive\Bureau\sgdesignercom\app\public\wp-content\plugins\ocean-extra\includes\menu-icons\includes\picker.php on line 126
[25-Sep-2024 07:14:08 UTC] PHP Warning:  PHP Startup: Unable to load dynamic library 'php_imagick.dll' (tried: C:/Users/konfi/AppData/Roaming/Local/lightning-services/php-8.1.29+0/bin/win64/ext\php_imagick.dll (Le module spécifié est introuvable), C:/Users/konfi/AppData/Roaming/Local/lightning-services/php-8.1.29+0/bin/win64/ext\php_php_imagick.dll.dll (Le module spécifié est introuvable)) in Unknown on line 0
[25-Sep-2024 07:14:11 UTC] PHP Warning:  PHP Startup: Unable to load dynamic library 'php_imagick.dll' (tried: C:/Users/konfi/AppData/Roaming/Local/lightning-services/php-8.1.29+0/bin/win64/ext\php_imagick.dll (Le module spécifié est introuvable), C:/Users/konfi/AppData/Roaming/Local/lightning-services/php-8.1.29+0/bin/win64/ext\php_php_imagick.dll.dll (Le module spécifié est introuvable)) in Unknown on line 0
[25-Sep-2024 09:19:48 UTC] PHP Warning:  PHP Startup: Unable to load dynamic library 'php_imagick.dll' (tried: C:/Users/konfi/AppData/Roaming/Local/lightning-services/php-8.1.29+0/bin/win64/ext\php_imagick.dll (Le module spécifié est introuvable), C:/Users/konfi/AppData/Roaming/Local/lightning-services/php-8.1.29+0/bin/win64/ext\php_php_imagick.dll.dll (Le module spécifié est introuvable)) in Unknown on line 0
[25-Sep-2024 09:20:32 UTC] PHP Warning:  PHP Startup: Unable to load dynamic library 'php_imagick.dll' (tried: C:/Users/konfi/AppData/Roaming/Local/lightning-services/php-8.1.29+0/bin/win64/ext\php_imagick.dll (Le module spécifié est introuvable), C:/Users/konfi/AppData/Roaming/Local/lightning-services/php-8.1.29+0/bin/win64/ext\php_php_imagick.dll.dll (Le module spécifié est introuvable)) in Unknown on line 0
[25-Sep-2024 09:20:32 UTC] PHP Warning:  PHP Startup: Unable to load dynamic library 'php_imagick.dll' (tried: C:/Users/konfi/AppData/Roaming/Local/lightning-services/php-8.1.29+0/bin/win64/ext\php_imagick.dll (Le module spécifié est introuvable), C:/Users/konfi/AppData/Roaming/Local/lightning-services/php-8.1.29+0/bin/win64/ext\php_php_imagick.dll.dll (Le module spécifié est introuvable)) in Unknown on line 0
[27-Sep-2024 13:39:16 UTC] PHP Warning:  PHP Startup: Unable to load dynamic library 'php_imagick.dll' (tried: C:/Users/konfi/AppData/Roaming/Local/lightning-services/php-8.1.29+0/bin/win64/ext\php_imagick.dll (Le module spécifié est introuvable), C:/Users/konfi/AppData/Roaming/Local/lightning-services/php-8.1.29+0/bin/win64/ext\php_php_imagick.dll.dll (Le module spécifié est introuvable)) in Unknown on line 0
[27-Sep-2024 13:39:31 UTC] PHP Warning:  PHP Startup: Unable to load dynamic library 'php_imagick.dll' (tried: C:/Users/konfi/AppData/Roaming/Local/lightning-services/php-8.1.29+0/bin/win64/ext\php_imagick.dll (Le module spécifié est introuvable), C:/Users/konfi/AppData/Roaming/Local/lightning-services/php-8.1.29+0/bin/win64/ext\php_php_imagick.dll.dll (Le module spécifié est introuvable)) in Unknown on line 0
[27-Sep-2024 13:39:50 UTC] PHP Warning:  PHP Startup: Unable to load dynamic library 'php_imagick.dll' (tried: C:/Users/konfi/AppData/Roaming/Local/lightning-services/php-8.1.29+0/bin/win64/ext\php_imagick.dll (Le module spécifié est introuvable), C:/Users/konfi/AppData/Roaming/Local/lightning-services/php-8.1.29+0/bin/win64/ext\php_php_imagick.dll.dll (Le module spécifié est introuvable)) in Unknown on line 0
[27-Sep-2024 13:39:50 UTC] PHP Warning:  PHP Startup: Unable to load dynamic library 'php_imagick.dll' (tried: C:/Users/konfi/AppData/Roaming/Local/lightning-services/php-8.1.29+0/bin/win64/ext\php_imagick.dll (Le module spécifié est introuvable), C:/Users/konfi/AppData/Roaming/Local/lightning-services/php-8.1.29+0/bin/win64/ext\php_php_imagick.dll.dll (Le module spécifié est introuvable)) in Unknown on line 0
[27-Sep-2024 13:39:50 UTC] PHP Warning:  PHP Startup: Unable to load dynamic library 'php_imagick.dll' (tried: C:/Users/konfi/AppData/Roaming/Local/lightning-services/php-8.1.29+0/bin/win64/ext\php_imagick.dll (Le module spécifié est introuvable), C:/Users/konfi/AppData/Roaming/Local/lightning-services/php-8.1.29+0/bin/win64/ext\php_php_imagick.dll.dll (Le module spécifié est introuvable)) in Unknown on line 0
[27-Sep-2024 13:42:35 UTC] PHP Warning:  PHP Startup: Unable to load dynamic library 'php_imagick.dll' (tried: C:/Users/konfi/AppData/Roaming/Local/lightning-services/php-8.1.29+0/bin/win64/ext\php_imagick.dll (Le module spécifié est introuvable), C:/Users/konfi/AppData/Roaming/Local/lightning-services/php-8.1.29+0/bin/win64/ext\php_php_imagick.dll.dll (Le module spécifié est introuvable)) in Unknown on line 0
[27-Sep-2024 13:42:36 UTC] PHP Warning:  PHP Startup: Unable to load dynamic library 'php_imagick.dll' (tried: C:/Users/konfi/AppData/Roaming/Local/lightning-services/php-8.1.29+0/bin/win64/ext\php_imagick.dll (Le module spécifié est introuvable), C:/Users/konfi/AppData/Roaming/Local/lightning-services/php-8.1.29+0/bin/win64/ext\php_php_imagick.dll.dll (Le module spécifié est introuvable)) in Unknown on line 0
[27-Sep-2024 14:40:45 UTC] PHP Warning:  PHP Startup: Unable to load dynamic library 'php_imagick.dll' (tried: C:/Users/konfi/AppData/Roaming/Local/lightning-services/php-8.1.29+0/bin/win64/ext\php_imagick.dll (Le module spécifié est introuvable), C:/Users/konfi/AppData/Roaming/Local/lightning-services/php-8.1.29+0/bin/win64/ext\php_php_imagick.dll.dll (Le module spécifié est introuvable)) in Unknown on line 0
[28-Sep-2024 10:47:36 UTC] PHP Warning:  PHP Startup: Unable to load dynamic library 'php_imagick.dll' (tried: C:/Users/konfi/AppData/Roaming/Local/lightning-services/php-8.1.29+0/bin/win64/ext\php_imagick.dll (Le module spécifié est introuvable), C:/Users/konfi/AppData/Roaming/Local/lightning-services/php-8.1.29+0/bin/win64/ext\php_php_imagick.dll.dll (Le module spécifié est introuvable)) in Unknown on line 0
[28-Sep-2024 10:47:36 UTC] PHP Warning:  PHP Startup: Unable to load dynamic library 'php_imagick.dll' (tried: C:/Users/konfi/AppData/Roaming/Local/lightning-services/php-8.1.29+0/bin/win64/ext\php_imagick.dll (Le module spécifié est introuvable), C:/Users/konfi/AppData/Roaming/Local/lightning-services/php-8.1.29+0/bin/win64/ext\php_php_imagick.dll.dll (Le module spécifié est introuvable)) in Unknown on line 0
[28-Sep-2024 10:47:36 UTC] PHP Warning:  PHP Startup: Unable to load dynamic library 'php_imagick.dll' (tried: C:/Users/konfi/AppData/Roaming/Local/lightning-services/php-8.1.29+0/bin/win64/ext\php_imagick.dll (Le module spécifié est introuvable), C:/Users/konfi/AppData/Roaming/Local/lightning-services/php-8.1.29+0/bin/win64/ext\php_php_imagick.dll.dll (Le module spécifié est introuvable)) in Unknown on line 0
[28-Sep-2024 10:47:37 UTC] PHP Warning:  PHP Startup: Unable to load dynamic library 'php_imagick.dll' (tried: C:/Users/konfi/AppData/Roaming/Local/lightning-services/php-8.1.29+0/bin/win64/ext\php_imagick.dll (Le module spécifié est introuvable), C:/Users/konfi/AppData/Roaming/Local/lightning-services/php-8.1.29+0/bin/win64/ext\php_php_imagick.dll.dll (Le module spécifié est introuvable)) in Unknown on line 0
[28-Sep-2024 10:48:37 UTC] PHP Warning:  PHP Startup: Unable to load dynamic library 'php_imagick.dll' (tried: C:/Users/konfi/AppData/Roaming/Local/lightning-services/php-8.1.29+0/bin/win64/ext\php_imagick.dll (Le module spécifié est introuvable), C:/Users/konfi/AppData/Roaming/Local/lightning-services/php-8.1.29+0/bin/win64/ext\php_php_imagick.dll.dll (Le module spécifié est introuvable)) in Unknown on line 0
[28-Sep-2024 10:48:54 UTC] PHP Warning:  PHP Startup: Unable to load dynamic library 'php_imagick.dll' (tried: C:/Users/konfi/AppData/Roaming/Local/lightning-services/php-8.1.29+0/bin/win64/ext\php_imagick.dll (Le module spécifié est introuvable), C:/Users/konfi/AppData/Roaming/Local/lightning-services/php-8.1.29+0/bin/win64/ext\php_php_imagick.dll.dll (Le module spécifié est introuvable)) in Unknown on line 0
[28-Sep-2024 10:48:54 UTC] PHP Warning:  PHP Startup: Unable to load dynamic library 'php_imagick.dll' (tried: C:/Users/konfi/AppData/Roaming/Local/lightning-services/php-8.1.29+0/bin/win64/ext\php_imagick.dll (Le module spécifié est introuvable), C:/Users/konfi/AppData/Roaming/Local/lightning-services/php-8.1.29+0/bin/win64/ext\php_php_imagick.dll.dll (Le module spécifié est introuvable)) in Unknown on line 0
[28-Sep-2024 11:38:49 UTC] PHP Warning:  PHP Startup: Unable to load dynamic library 'php_imagick.dll' (tried: C:/Users/konfi/AppData/Roaming/Local/lightning-services/php-8.1.29+0/bin/win64/ext\php_imagick.dll (Le module spécifié est introuvable), C:/Users/konfi/AppData/Roaming/Local/lightning-services/php-8.1.29+0/bin/win64/ext\php_php_imagick.dll.dll (Le module spécifié est introuvable)) in Unknown on line 0
[28-Sep-2024 11:38:49 UTC] PHP Warning:  PHP Startup: Unable to load dynamic library 'php_imagick.dll' (tried: C:/Users/konfi/AppData/Roaming/Local/lightning-services/php-8.1.29+0/bin/win64/ext\php_imagick.dll (Le module spécifié est introuvable), C:/Users/konfi/AppData/Roaming/Local/lightning-services/php-8.1.29+0/bin/win64/ext\php_php_imagick.dll.dll (Le module spécifié est introuvable)) in Unknown on line 0
[28-Sep-2024 11:38:49 UTC] PHP Warning:  PHP Startup: Unable to load dynamic library 'php_imagick.dll' (tried: C:/Users/konfi/AppData/Roaming/Local/lightning-services/php-8.1.29+0/bin/win64/ext\php_imagick.dll (Le module spécifié est introuvable), C:/Users/konfi/AppData/Roaming/Local/lightning-services/php-8.1.29+0/bin/win64/ext\php_php_imagick.dll.dll (Le module spécifié est introuvable)) in Unknown on line 0
[28-Sep-2024 11:38:53 UTC] PHP Warning:  PHP Startup: Unable to load dynamic library 'php_imagick.dll' (tried: C:/Users/konfi/AppData/Roaming/Local/lightning-services/php-8.1.29+0/bin/win64/ext\php_imagick.dll (Le module spécifié est introuvable), C:/Users/konfi/AppData/Roaming/Local/lightning-services/php-8.1.29+0/bin/win64/ext\php_php_imagick.dll.dll (Le module spécifié est introuvable)) in Unknown on line 0
[28-Sep-2024 11:52:11 UTC] PHP Warning:  PHP Startup: Unable to load dynamic library 'php_imagick.dll' (tried: C:/Users/konfi/AppData/Roaming/Local/lightning-services/php-8.1.29+0/bin/win64/ext\php_imagick.dll (Le module spécifié est introuvable), C:/Users/konfi/AppData/Roaming/Local/lightning-services/php-8.1.29+0/bin/win64/ext\php_php_imagick.dll.dll (Le module spécifié est introuvable)) in Unknown on line 0
[28-Sep-2024 11:52:12 UTC] PHP Warning:  PHP Startup: Unable to load dynamic library 'php_imagick.dll' (tried: C:/Users/konfi/AppData/Roaming/Local/lightning-services/php-8.1.29+0/bin/win64/ext\php_imagick.dll (Le module spécifié est introuvable), C:/Users/konfi/AppData/Roaming/Local/lightning-services/php-8.1.29+0/bin/win64/ext\php_php_imagick.dll.dll (Le module spécifié est introuvable)) in Unknown on line 0
